<?xml version="1.0" encoding="UTF-8"?>
<testng-results skipped="0" failed="0" ignored="0" total="1" passed="1">
  <reporter-output>
  </reporter-output>
  <suite name="Default suite" duration-ms="18460" started-at="2016-12-31T14:02:10Z" finished-at="2016-12-31T14:02:29Z">
    <groups>
    </groups>
    <test name="Default test" duration-ms="18460" started-at="2016-12-31T14:02:10Z" finished-at="2016-12-31T14:02:29Z">
      <class name="tests.SimpleQuote">
        <test-method status="PASS" signature="BeforeTest(java.lang.reflect.Method)[pri:0, instance:tests.SimpleQuote@3ffc5af1]" name="BeforeTest" is-config="true" duration-ms="8035" started-at="2016-12-31T14:02:10Z" finished-at="2016-12-31T14:02:18Z">
          <params>
            <param index="0">
              <value>
                <![CDATA[public void tests.SimpleQuote.oneMemberQuote() throws java.lang.Exception]]>
              </value>
            </param>
          </params>
          <reporter-output>
          </reporter-output>
        </test-method> <!-- BeforeTest -->
        <test-method status="PASS" signature="oneMemberQuote()[pri:0, instance:tests.SimpleQuote@3ffc5af1]" name="oneMemberQuote" duration-ms="9363" started-at="2016-12-31T14:02:18Z" description="Attempts to enter a quote" finished-at="2016-12-31T14:02:28Z">
          <reporter-output>
          </reporter-output>
        </test-method> <!-- oneMemberQuote -->
        <test-method status="PASS" signature="AfterTest()[pri:0, instance:tests.SimpleQuote@3ffc5af1]" name="AfterTest" is-config="true" duration-ms="1036" started-at="2016-12-31T14:02:28Z" finished-at="2016-12-31T14:02:29Z">
          <reporter-output>
          </reporter-output>
        </test-method> <!-- AfterTest -->
      </class> <!-- tests.SimpleQuote -->
    </test> <!-- Default test -->
  </suite> <!-- Default suite -->
</testng-results>
